<?xml version="1.0" encoding="UTF-8"?>
<!-- Generated by org.testng.reporters.JUnitReportReporter -->
<testsuite hostname="SUBHADEEP" failures="0" tests="1" name="com.actitime.testscript.TestMethodCls" time="8.095" errors="0" timestamp="2023-04-24T17:24:35 IST" skipped="0">
  <testcase classname="com.actitime.testscript.TestMethodCls" name="validLogin" time="8.095"/>
  <system-out/>
</testsuite> <!-- com.actitime.testscript.TestMethodCls -->
